copying path '/nix/store/qv6q79r6jwpzi6qm178ifdckavbpq9dq-zstd-1.5.7' from 'https://cache.nixos.org'...
building '/nix/store/w9yk109kfmkbmlasbc8704cjqbbm1q38-phenix-desktop-config-check.drv'...
copying path '/nix/store/6cb7wx69cn0wislifq716mgm4dl9gq82-pixman-0.46.4' from 'https://cache.nixos.org'...
copying path '/nix/store/ddk8rvjihg4vhh1k6x9rc65y1zb1kx34-binutils-2.46' from 'https://cache.nixos.org'...
copying path '/nix/store/zaf45k04x3l3c0vhh1l976f2if011f5d-libcap-ng-0.9.3' from 'https://cache.nixos.org'...
copying path '/nix/store/2jlqv4a4hvn6pw4pjs7vylnz68sjfp8k-lzo-2.10' from 'https://cache.nixos.org'...
copying path '/nix/store/j85hqiiwgldwzhzydp5cx36wh3dxqnjg-expat-2.8.2' from 'https://cache.nixos.org'...
copying path '/nix/store/ysap8hrzgxnrk1dbhp7sijk244hvlq3h-brotli-1.2.0-lib' from 'https://cache.nixos.org'...
copying path '/nix/store/qyw640vr3vdd9rjzv1zc8xh4z82ngrfm-fontconfig-2.18.1' from 'https://cache.nixos.org'...
copying path '/nix/store/1k05xwhd5wjciwrr6zd54mfw8za5lqnz-glibc-2.42-67-bin' from 'https://cache.nixos.org'...
copying path '/nix/store/598n61sdi8426la30ix2f6slj8zkxxq1-expand-response-params' from 'https://cache.nixos.org'...
copying path '/nix/store/5p2d3z74570j4mlwrfh35i9vqizb00w1-file-5.48' from 'https://cache.nixos.org'...
copying path '/nix/store/fbsplavcyrgy4xxd03z7ws6ijvns2p7c-libevent-2.1.12' from 'https://cache.nixos.org'...
copying path '/nix/store/cb5yp2g2hvx9dd40j6qx78c1778crrfi-libselinux-3.10' from 'https://cache.nixos.org'...
copying path '/nix/store/bnz12q7krhpam19qyy7my8vyy2fq9vkx-util-linux-minimal-2.42.2-lib' from 'https://cache.nixos.org'...
copying path '/nix/store/s335z8bq6h99s8vd5p6g2mbxd40dfkb7-libdaemon-0.14' from 'https://cache.nixos.org'...
copying path '/nix/store/v1ichmdzxbjfxq484gq5im2b8j9p3i9k-graphite2-1.3.15' from 'https://cache.nixos.org'...
copying path '/nix/store/h521k4m9w7qph7vhxvc2f9rd3k1b9686-kmod-31-lib' from 'https://cache.nixos.org'...
copying path '/nix/store/0vmjdcayzxsk0mrvgqd7ggk1c7pa3ifz-kbd-2.9.0' from 'https://cache.nixos.org'...
copying path '/nix/store/cla3wavh3w44h816p1mjs8883g4cbvnr-kexec-tools-2.0.32' from 'https://cache.nixos.org'...
phenix-desktop-config-check> keymap tests passed: 14
copying path '/nix/store/m2yj6vyavwwmsqgzs5bl0zpwqg7kc0vz-libarchive-3.8.8-lib' from 'https://cache.nixos.org'...
copying path '/nix/store/l589hy9k5ya3myvwpj408if997argqs0-zstd-1.5.7-bin' from 'https://cache.nixos.org'...
copying path '/nix/store/n2vvdz8gkdfi4w6fql13kg7h6xb23s47-kmod-31' from 'https://cache.nixos.org'...
copying path '/nix/store/5law2qmj6jwjnlk0asjrdaw1lmhv8y7h-libzip-1.11.4' from 'https://cache.nixos.org'...
copying path '/nix/store/09gac8c1amws12ysg2d8lbhd6ya0rwwa-freetype-2.14.3' from 'https://cache.nixos.org'...
copying path '/nix/store/nk98ymmxzvpf26q2va3xpxgb7w7d7vac-libdwarf-2.3.2-lib' from 'https://cache.nixos.org'...
copying path '/nix/store/42kn5ag0qlps2p2pflz5l1p1l9pcdxal-gcc-16.1.0-lib' from 'https://cache.nixos.org'...
copying path '/nix/store/mdhswwpw301miwazqrfxc5xwm0qlm0wh-unbound-1.25.1-lib' from 'https://cache.nixos.org'...
copying path '/nix/store/3jg5gw4pcg25jdaa0kl78q63ibiylrbs-pciutils-3.15.0' from 'https://cache.nixos.org'...
copying path '/nix/store/641qlga47y27il4zhlpdpw69krdjpsk2-lua-5.5.0' from 'https://cache.nixos.org'...
copying path '/nix/store/gx5j2bb6d9jvy1j84ap9v2n1j170d4m5-util-linux-minimal-2.42.2-mount' from 'https://cache.nixos.org'...
copying path '/nix/store/wy0kg2p9k0k4ip5c1xpx952l75wszacq-util-linux-minimal-2.42.2-swap' from 'https://cache.nixos.org'...
copying path '/nix/store/a22iqmpl93pfcl6q8gj8958j8mnvybir-tomlplusplus-3.4.0' from 'https://cache.nixos.org'...
copying path '/nix/store/vx2aqxs99ii6pkzndddnbrsqbc4jwpb6-glib-2.88.1' from 'https://cache.nixos.org'...
copying path '/nix/store/z0a0jv900jhh66bp051zqcj10qqyyf8c-libsm-1.2.6' from 'https://cache.nixos.org'...
copying path '/nix/store/0n024dhzxyg45w8wzfshqx36gjggmqd2-zstd-1.5.7-dev' from 'https://cache.nixos.org'...
copying path '/nix/store/9bpdf8r3rlrffl5y5188xd8mb879vpb8-glibc-2.42-67-dev' from 'https://cache.nixos.org'...
copying path '/nix/store/izcmpphs1r1pr8x6rxfwgdhx011kqdwg-pkgconf-wrapper-2.5.1' from 'https://cache.nixos.org'...
copying path '/nix/store/prshs341jrhzyqzq55qk1fng0xl9xiak-muparser-2.3.5' from 'https://cache.nixos.org'...
copying path '/nix/store/ny4dzsvyd313g9k88pd54qxvr3nh8n6r-hyprutils-0.13.1+date=2026-07-02_41fb809' from 'https://hyprland.cachix.org'...
copying path '/nix/store/g71zvvjz6h8rf7cz8z8v7j8ijw25s6km-fontconfig-2.18.1-lib' from 'https://cache.nixos.org'...
copying path '/nix/store/5qzk211j0jzwnvvwkj61c7b6vv3g3dsx-gnutls-3.8.13' from 'https://cache.nixos.org'...
copying path '/nix/store/x3fjniif504vhp099s91jl733kidr32f-icu4c-76.1' from 'https://cache.nixos.org'...
copying path '/nix/store/rqf551q17v2fpj08k2ln87y1vybd1aj9-glslang-16.3.0' from 'https://cache.nixos.org'...
copying path '/nix/store/5qz3wcvdmxgv8351zzr00cbv4yyihxj6-cpptrace-1.0.4' from 'https://cache.nixos.org'...
copying path '/nix/store/y50ihx66x137h3g70apfdycj7ap60ccj-udis86-unstable-2014-12-25-lib' from 'https://hyprland.cachix.org'...
copying path '/nix/store/2my7dfwg31bziws1ck2sqrwbj05nbdn1-libjpeg-turbo-3.1.4.1' from 'https://cache.nixos.org'...
copying path '/nix/store/s1bkk4586hms9xg1isbr9a5p4d6d237x-libtool-2.5.4-lib' from 'https://cache.nixos.org'...
copying path '/nix/store/krkb4lcf4mjp2kwx8bixxzvq5hbz0034-libpciaccess-0.19' from 'https://cache.nixos.org'...
copying path '/nix/store/4shkpw9q0f12z737zjvh89246zszkiq8-libxau-1.0.12' from 'https://cache.nixos.org'...
copying path '/nix/store/fgbrpz911jb9pxw0ys4cp5cv2rr7yh6p-libxdmcp-1.1.5' from 'https://cache.nixos.org'...
copying path '/nix/store/jj1xg8hiqc0d13fal8b2faq90s4g6663-hyprlang-0.6.8+date=2026-04-27_0901175' from 'https://hyprland.cachix.org'...
copying path '/nix/store/sfyanpgbglsn0dddiqh5157dwgwf57i0-hyprwire-0.3.1+date=2026-05-10_85148a8' from 'https://hyprland.cachix.org'...
copying path '/nix/store/fv06r1hg0zxc9yl1ndmq24cx4c75gghl-xkeyboard-config-2.47' from 'https://cache.nixos.org'...
copying path '/nix/store/5c0x3ksamx3prbmp24fjhc4z9h3gvhxc-db-4.8.30' from 'https://cache.nixos.org'...
copying path '/nix/store/8650lsm4fwhc5s9rhqis2ghrpvaj0qax-libbluray-1.4.1' from 'https://cache.nixos.org'...
copying path '/nix/store/s8bvq48mqjiw3firz3l9wx19h55vldy4-libxcrypt-4.5.2' from 'https://cache.nixos.org'...
copying path '/nix/store/i7j9cxklwxjm54qx1y2s172bz4irqfbh-libdrm-2.4.134' from 'https://cache.nixos.org'...
copying path '/nix/store/x723srjqqr69b20cqx8ndigpzlpklwib-audit-4.1.4-lib' from 'https://cache.nixos.org'...
copying path '/nix/store/zyvz6mkqf6iihqr5yfvmfr2inafxdlq4-libxcb-1.17.0' from 'https://cache.nixos.org'...
copying path '/nix/store/9v0bi55idbw2ch246cz9mr1v1ws1cyp6-libultrahdr-1.4.0' from 'https://cache.nixos.org'...
copying path '/nix/store/0axpqqmj1rcanmm2i8vzpd8xxwkmq2jf-gcc-15.2.0' from 'https://cache.nixos.org'...
copying path '/nix/store/0n517hiwwwja7dmaz536f6rdanfs0gdc-libwebp-1.6.0' from 'https://cache.nixos.org'...
copying path '/nix/store/5k1vjxc33k54wsc3g20a4dgyl67mf3ch-djvulibre-3.5.30-lib' from 'https://cache.nixos.org'...
copying path '/nix/store/4ksxs7pb2k4jbm9ivk1nyhcb9ay33irk-util-linux-minimal-2.42.2-login' from 'https://cache.nixos.org'...
copying path '/nix/store/07fbc5rpnilw0alxcgb947b6lvgrm2sy-libfreeaptx-0.2.2' from 'https://cache.nixos.org'...
copying path '/nix/store/5aw4n5ybdw1d0djjjggbf926jhnkcpb0-fdk-aac-2.0.3' from 'https://cache.nixos.org'...
copying path '/nix/store/ybmx8a9i4fqk1nbjs7adfhv73rzk003k-libdrm-2.4.134-bin' from 'https://cache.nixos.org'...
copying path '/nix/store/nfklic27g0vaygbpgshwpr43757jr1kd-libmicrohttpd-1.0.5' from 'https://cache.nixos.org'...
copying path '/nix/store/7vyr0h3zpk562xcn8z5ca22a4da4sqd9-libva-minimal-2.23.0' from 'https://cache.nixos.org'...
copying path '/nix/store/arpk7prynk6iqwbh0204k878nv1ypyg2-libx11-1.8.13' from 'https://cache.nixos.org'...
copying path '/nix/store/c4bk50l40xii6bdgjx9ahj1h52diawjw-systemd-minimal-261' from 'https://cache.nixos.org'...
copying path '/nix/store/s5n27jdfikq95618hl8x1mz9rnb9hsl8-systemd-minimal-libs-261' from 'https://cache.nixos.org'...
copying path '/nix/store/wl0snb5alaf9m36rjgcip1hv81ysj2fh-libxcb-errors-1.0.1' from 'https://cache.nixos.org'...
copying path '/nix/store/zbsrnkr626v86a4z2mlslk5zpzggv3qi-libxcb-wm-0.4.2' from 'https://cache.nixos.org'...
copying path '/nix/store/bviwi9lin0hv2dnqhcc6d63cc91sgn2c-libtiff-4.7.1' from 'https://cache.nixos.org'...
copying path '/nix/store/6qlqk7a8w96xk2mlmpv62ap0a4ngfykm-libxcb-util-0.4.1' from 'https://cache.nixos.org'...
copying path '/nix/store/flfs8saab9nfiwhi03r7jzb5p3y0d18i-libdrm-2.4.134-dev' from 'https://cache.nixos.org'...
copying path '/nix/store/ax2scmw46mhns9nfx2gjwwck6j2xhb3j-ldacbt-2.0.72' from 'https://cache.nixos.org'...
copying path '/nix/store/gq9h6dhw0sqbipkp76v1x3wjj83rv3d6-liblc3-1.1.3' from 'https://cache.nixos.org'...
copying path '/nix/store/hfc6ir0775256pnl96la76k3qlwmylww-fftw-single-3.3.11' from 'https://cache.nixos.org'...
copying path '/nix/store/sqmwx813v11mi3ilr1fjd9z9awkv36wd-libmysofa-1.3.3' from 'https://cache.nixos.org'...
copying path '/nix/store/m7g50x4r68b2yz9498asl91dqmzsp88x-sbc-2.2' from 'https://cache.nixos.org'...
copying path '/nix/store/lffvnjpallhys4gahfz89qgmpbcly0da-libebur128-1.2.6' from 'https://cache.nixos.org'...
copying path '/nix/store/wyf0la4vhx119zdhxzmh42flbl861cdl-libopus-1.6.1' from 'https://cache.nixos.org'...
copying path '/nix/store/xin0b9mlvl6w1qqhvr2nfdcv5qns1b13-vulkan-loader-1.4.350.0' from 'https://cache.nixos.org'...
copying path '/nix/store/9b7m5d94b7kf545arjmvwix2j04ya91l-libwebp-1.6.0' from 'https://cache.nixos.org'...
copying path '/nix/store/h203q41kcnhjk9sgimxrh8ahpnxs80ql-mesa-libgbm-26.1.3' from 'https://cache.nixos.org'...
copying path '/nix/store/52gyhzb5zldg9j8vfz0rn9rwd0s0fnsh-json-glib-1.10.8' from 'https://cache.nixos.org'...
copying path '/nix/store/cvkawav05xab32c6ljsx32vazvjzmns5-glibmm-2.66.8' from 'https://cache.nixos.org'...
copying path '/nix/store/61p1cfjll7ihdmpki7swddwfincymg0d-graphene-1.10.8' from 'https://cache.nixos.org'...
copying path '/nix/store/sqnii8dl55xsjyyp11z8yj8kn4m98arv-harfbuzz-13.2.1' from 'https://cache.nixos.org'...
copying path '/nix/store/msfrj5vvllf79hnkqki8gb1j9w6xzi78-libxcomposite-0.4.7' from 'https://cache.nixos.org'...
copying path '/nix/store/1japglhrqk86lxmi9sbhycp0h092ln6s-libstartup-notification-0.12' from 'https://cache.nixos.org'...
copying path '/nix/store/0ag7nvd1kw5fjqy3nszhy8qsh6ypg52d-opusfile-0.12' from 'https://cache.nixos.org'...
copying path '/nix/store/xg73b708qsrdvb82vdwvir097p9w7vr3-libxkbcommon-1.13.2' from 'https://cache.nixos.org'...
copying path '/nix/store/qjhvmcbysvdvvrxc26bgz0b28jhikqs5-gdk-pixbuf-2.44.6' from 'https://cache.nixos.org'...
copying path '/nix/store/hgx6371r4z6pd0n2clnipi5ibp09kvxy-openjpeg-2.5.4' from 'https://cache.nixos.org'...
copying path '/nix/store/lykjfwrknka8im964l30hccvjyc11kl7-liblqr-1-0.4.3' from 'https://cache.nixos.org'...
copying path '/nix/store/2d66s80gf82kkyy6kdh5x3qkmazwjzb4-libxrender-0.9.12' from 'https://cache.nixos.org'...
copying path '/nix/store/3lhr3884dxnfks82vzbpsg60yfq64d5p-libxext-1.3.7' from 'https://cache.nixos.org'...
copying path '/nix/store/5l0r36qjyy1lnrfvkc6gvs8qb0dx6vmb-dconf-0.49.0-lib' from 'https://cache.nixos.org'...
copying path '/nix/store/5yiznbbzkwzxdw82xak8ski95d9ychhd-libxt-1.3.1' from 'https://cache.nixos.org'...
copying path '/nix/store/rjggkfliirfam085mf18v98jirf1vydr-seatd-0.9.3' from 'https://cache.nixos.org'...
copying path '/nix/store/xvi03yby595s37rvcwplvfcrc1qs6qg9-lvm2-2.03.41-lib' from 'https://cache.nixos.org'...
copying path '/nix/store/1jcjkhs4fl8nlmsdrlzx7dcxrvxx1bzd-libgudev-238' from 'https://cache.nixos.org'...
copying path '/nix/store/0lk7hvc5b7955gdfki77mkjsryhjdmrn-v4l-utils-1.32.0' from 'https://cache.nixos.org'...
copying path '/nix/store/63cfg8v0qaaqfhxc0nm1kldc0ddlv6a9-libxft-2.3.9' from 'https://cache.nixos.org'...
copying path '/nix/store/s7m44fgmxmfyd9hr1kcpqldf79r5dnq3-libxv-1.0.13' from 'https://cache.nixos.org'...
copying path '/nix/store/p51s9bcmbi3lzqb6n1f78ib3r1qg6bdd-speexdsp-1.2.1' from 'https://cache.nixos.org'...
copying path '/nix/store/rb39674h9zj3v56r2w5xrr02ga53anmh-libxml++-3.2.5' from 'https://cache.nixos.org'...
copying path '/nix/store/1fdpddjd2qswwmdib3w4l21q6ldl58xj-libxinerama-1.1.6' from 'https://cache.nixos.org'...
copying path '/nix/store/adas3ix7v8zry5i1nqagc2j76y0ka7rx-libglvnd-1.7.0' from 'https://cache.nixos.org'...
copying path '/nix/store/ndsghg0fsahw01qjgyazcvhgxgywp9nl-cairo-1.18.4' from 'https://cache.nixos.org'...
copying path '/nix/store/cm72xvi6241dx43xs1cx5l8wzwhpjrb4-libxrandr-1.5.5' from 'https://cache.nixos.org'...
copying path '/nix/store/7xk8kbly1sa3ryax7zf3hsbhc2arxiwj-linux-pam-1.7.2' from 'https://cache.nixos.org'...
copying path '/nix/store/kx2hjqys2ssv03lqyklbx10ghxxd8i7d-libwacom-2.19.0' from 'https://cache.nixos.org'...
copying path '/nix/store/xfpyv9rxq0bx44kpgd1hh3a02z3rn734-libxi-1.8.3' from 'https://cache.nixos.org'...
copying path '/nix/store/6p97959dzbf5f8yy19cx99xnz5jhq9wg-cryptsetup-2.8.6' from 'https://cache.nixos.org'...
copying path '/nix/store/aycbdmpzrfbi77nixn4022clp6vzg129-libass-0.17.4' from 'https://cache.nixos.org'...
copying path '/nix/store/rpiikzya2jm9jsl67xs8z05jwlhwqp01-libraqm-0.10.5' from 'https://cache.nixos.org'...
copying path '/nix/store/vb1m3skpy5xmj9msv16w2ank6sknldm7-libheif-1.23.1-lib' from 'https://cache.nixos.org'...
copying path '/nix/store/nhjmc8clp6igx6n6zrjxlh7zri78p7ng-binutils-wrapper-2.46' from 'https://cache.nixos.org'...
copying path '/nix/store/91yxq99j2xymwvahpbd7n56k1v771mc8-sdbus-cpp-2.2.1' from 'https://cache.nixos.org'...
copying path '/nix/store/4dpdrn25254m4w687446pny7xi02x5af-libjxl-0.11.2' from 'https://cache.nixos.org'...
copying path '/nix/store/saa2pa0w6alzxg9bzvfvvw7fjny51i1x-libxfixes-6.0.2' from 'https://cache.nixos.org'...
copying path '/nix/store/lyw2ih0cyv63lrr7pa45g8hy0lazfc49-ffado-2.4.9' from 'https://cache.nixos.org'...
copying path '/nix/store/fsxv9lig5w64bk370cza54ka7bnr66ml-libxtst-1.2.5' from 'https://cache.nixos.org'...
copying path '/nix/store/qp6cf9ff5a4av4fh4bybz8153k19kkcd-libsndfile-1.2.2' from 'https://cache.nixos.org'...
copying path '/nix/store/g9ac3mzy8ngbx7q5r887x6956f5j3kaf-libepoxy-1.5.10' from 'https://cache.nixos.org'...
copying path '/nix/store/rxxv0mihq0j1vcqy6jiby14d48fvnv97-libusb-1.0.30' from 'https://cache.nixos.org'...
copying path '/nix/store/g5ba3icm10s2qxqm7nskvcs6wl22x2qp-duktape-2.7.0' from 'https://cache.nixos.org'...
copying path '/nix/store/pi7z4dpcgzm29hc6rak5dha7757paypf-libxdamage-1.1.7' from 'https://cache.nixos.org'...
copying path '/nix/store/cbk3hnxpb22x2qicxm958p5ljp54bznp-gobject-introspection-1.86.0' from 'https://cache.nixos.org'...
copying path '/nix/store/ja3h2cmxcdwg03fbiycrabi1mksdz2g8-libxcursor-1.2.3' from 'https://cache.nixos.org'...
copying path '/nix/store/iwidbf2cyjcsgjmqw1znn5l9hpgzldz8-libpwquality-1.4.5-lib' from 'https://cache.nixos.org'...
copying path '/nix/store/5x3899zr68zkavkq8lcl539ny9mzr1ml-pango-1.57.1' from 'https://cache.nixos.org'...
copying path '/nix/store/giahbcq4g1jjawnr95zs116yf52rz1hp-gdbm-1.26-lib' from 'https://cache.nixos.org'...
copying path '/nix/store/p5219bn1m6yr6q5nkx69h0aw7qijq8rw-mpdecimal-4.0.1' from 'https://cache.nixos.org'...
copying path '/nix/store/ys77wd39wlgzrwqz9gfw1c45bc1mmklh-sqlite-3.53.1' from 'https://cache.nixos.org'...
copying path '/nix/store/0z4dr42anpimggn4i0vm4x6wsr4gn1yg-unixodbc-2.3.14' from 'https://cache.nixos.org'...
copying path '/nix/store/480gg1nnnww6wy8hd22n5y8msddr749m-lilv-0.28.0' from 'https://cache.nixos.org'...
copying path '/nix/store/6qc7j21bbm7s8434g099waz1lmwf262v-spandsp-0.0.6' from 'https://cache.nixos.org'...
copying path '/nix/store/3aplawghkywd394wwam4h0in8y80hw4p-libxcb-keysyms-0.4.1' from 'https://cache.nixos.org'...
copying path '/nix/store/b0lp4h8b90mz7aa0l70y47kvcb55ajpn-md4c-0.5.3-lib' from 'https://cache.nixos.org'...
copying path '/nix/store/m38px277zl6nwnn3rq6xf083lh6kidcf-mtdev-1.1.7' from 'https://cache.nixos.org'...
copying path '/nix/store/fc70bn2wmyiyra4vgjp2jr9dg5rxckm3-krb5-1.22.2-lib' from 'https://cache.nixos.org'...
copying path '/nix/store/nq2696n10z28vjcj92jpdjiyybdywy7n-libxcb-render-util-0.3.10' from 'https://cache.nixos.org'...
copying path '/nix/store/rx35ariba4ys5ag2i425wanhap01y87x-libxcb-image-0.4.1' from 'https://cache.nixos.org'...
copying path '/nix/store/sn8r7j6q1js540y5briylnb62203zxq5-pkg-config-wrapper-0.29.2' from 'https://cache.nixos.org'...
copying path '/nix/store/asams9pxmvyf0b1z604rckjlcwsqfjsz-librsvg-2.62.3' from 'https://cache.nixos.org'...
copying path '/nix/store/vq3xd65alks5l5qpn5mi5g6myb2hyypd-libb2-0.98.1' from 'https://cache.nixos.org'...
copying path '/nix/store/zmda0frhv13206zhxkdsq195bigimzjh-double-conversion-3.4.0' from 'https://cache.nixos.org'...
copying path '/nix/store/9d8ai8p103794hzxqa7y9ji6kh0wgnmb-libcbor-0.14.0' from 'https://cache.nixos.org'...
copying path '/nix/store/9icl666qc2lhgp1xv2cyxg6b51h0537c-gtest-1.17.0' from 'https://cache.nixos.org'...
copying path '/nix/store/1hnla84yxyb9n6kx1gaa7r48fxxpwhgk-pcsclite-2.4.1-lib' from 'https://cache.nixos.org'...
copying path '/nix/store/4304bcszwlr6hgk7pwi4n0bvjy998i1i-libinput-1.31.3' from 'https://cache.nixos.org'...
copying path '/nix/store/z44pj74xazwcfb15qb7md157fsqqi9ri-alsa-ucm-conf-1.2.16' from 'https://cache.nixos.org'...
copying path '/nix/store/gf8h6kg5g0xk8kqf0fbfjcvjwmaimgj6-libxcb-cursor-0.1.6' from 'https://cache.nixos.org'...
copying path '/nix/store/33kr10rbzbqanvbbplxfkw4v1clx2yaj-libfido2-1.17.0' from 'https://cache.nixos.org'...
copying path '/nix/store/dm01jl9bxf2wi55pcwrx2mx6s3ja9v68-abseil-cpp-20260107.1' from 'https://cache.nixos.org'...
copying path '/nix/store/qxr2hjby63x07qq9k3nfk6h9rjmzavpd-aquamarine-0.12.1+date=2026-06-21_6d6e238' from 'https://hyprland.cachix.org'...
copying path '/nix/store/fn0k2qlkgicm4z1s53z6132kkzi5izlr-curl-8.21.0' from 'https://cache.nixos.org'...
copying path '/nix/store/7m83xzx79rpqark4y8pv60a7mmadx67a-polkit-127' from 'https://cache.nixos.org'...
copying path '/nix/store/93vg59k99hwa17z57vphd5ik6fiwmsh8-dbus-1.16.2-lib' from 'https://cache.nixos.org'...
copying path '/nix/store/jxyrvv4gbpnp3ap5iy7wxwl1sg4x2x88-python3-3.14.6' from 'https://cache.nixos.org'...
copying path '/nix/store/72ilr5mwj9wyfam56lf4f5cf6m6g3wad-libsoup-3.6.6' from 'https://cache.nixos.org'...
copying path '/nix/store/6v3x79khipmf0zbn2yivvx7n15jccv47-alsa-lib-1.2.16' from 'https://cache.nixos.org'...
copying path '/nix/store/6bkmxzmvvy1iw3y2637qvlv6z8dnwy8p-avahi-0.8' from 'https://cache.nixos.org'...
copying path '/nix/store/n8rkxsazccpbqka5w51d4a850nl4fvc0-at-spi2-core-2.60.4' from 'https://cache.nixos.org'...
copying path '/nix/store/2avx2c74smgw4ghki0qlnc0scgpfycbl-dbus-1.16.2' from 'https://cache.nixos.org'...
copying path '/nix/store/balx6s8vqjn4gv99xjd1smmgc2mf0ig7-libjack2-1.9.22' from 'https://cache.nixos.org'...
copying path '/nix/store/rydq1gn4xf5mw13xww5drbsssdzrwx3i-libpulseaudio-17.0' from 'https://cache.nixos.org'...
copying path '/nix/store/p4j27d0562xma7y3hpls2lm6v20sbfcv-curl-8.21.0-bin' from 'https://cache.nixos.org'...
copying path '/nix/store/24r7mzlkjlmz2vwblx898sjqk1v23290-libproxy-0.5.12' from 'https://cache.nixos.org'...
copying path '/nix/store/hkxx26hifhkm5xsfwk1khwi1bkal3i9k-elfutils-0.195' from 'https://cache.nixos.org'...
copying path '/nix/store/j5820wlxia38ma1gdnd6ckkmqiq8c3vc-libpq-18.4' from 'https://cache.nixos.org'...
copying path '/nix/store/x0kj54d5dcmvv8f4z2zdy3hpni6pl9sz-tpm2-tss-4.1.3' from 'https://cache.nixos.org'...
copying path '/nix/store/6mfdz3yr7zrw20z7sgipp8n4dznblgs1-webrtc-audio-processing-2.1' from 'https://cache.nixos.org'...
copying path '/nix/store/z5kr9jdm9y9hbilg516akxss5lbacdls-mariadb-connector-c-3.3.5' from 'https://cache.nixos.org'...
copying path '/nix/store/1afniq3aj99bc0f34srvcprhy69p98dk-dbus-1.16.2-dev' from 'https://cache.nixos.org'...
copying path '/nix/store/xkq37i5382d249a74s1bdsh5hk4kp5yf-cups-2.4.19-lib' from 'https://cache.nixos.org'...
copying path '/nix/store/mg08gvvd7yal3x3fpg8qkj0vpvcl0mb9-hyprcursor-0.1.13+date=2026-04-18_3943590-lib' from 'https://hyprland.cachix.org'...
copying path '/nix/store/c7fqkkq6mai3vkybpx3qimwdgrkcsibi-imagemagick-7.1.2-27' from 'https://cache.nixos.org'...
copying path '/nix/store/xr6zdpd1yggh1qrjl75jp7bwmvzdydj1-hyprgraphics-0.5.1+date=2026-06-27_c6e7b9f' from 'https://hyprland.cachix.org'...
copying path '/nix/store/x7bgc8hc705pndn7dqnlfmi901q76xgi-libbpf-1.7.0' from 'https://cache.nixos.org'...
copying path '/nix/store/8ramq9piwpzljwg6hy9pjgb7m7f7miwh-ShellCheck-0.11.0' from 'https://cache.nixos.org'...
copying path '/nix/store/s215r34xjyl1qkn16bqxzl0qsj6s6v92-hyprtoolkit-0.5.4' from 'https://hyprland.cachix.org'...
copying path '/nix/store/yjfci7bnbc7zsm14y9zb6lp3vkwmjr4h-tinysparql-3.11.1' from 'https://cache.nixos.org'...
copying path '/nix/store/d6zvljhpks5p59a192wq90pr8ynknixx-libical-3.0.20' from 'https://cache.nixos.org'...
copying path '/nix/store/a7vdajr1b9dv96xhy1zjk12lfcsnxhmj-re2-2025-11-05' from 'https://cache.nixos.org'...
copying path '/nix/store/zkvyyl7l7pnyh6862ddrqs8c34fpmib0-libao-1.2.2' from 'https://cache.nixos.org'...
copying path '/nix/store/v87724r0icypyk8zcphcf2xwx7706vb1-mpg123-1.33.5' from 'https://cache.nixos.org'...
copying path '/nix/store/8ijrjcx54vlmdph66f3y7r046vvgg0bb-sox-unstable-2021-05-09-lib' from 'https://cache.nixos.org'...
copying path '/nix/store/3v7kqg55hx4awhy5hdckniypbgqbqfmx-systemd-261' from 'https://cache.nixos.org'...
copying path '/nix/store/dlg9rq1zqrrbvhvdhwr5bvl53j4j2imm-bluez-5.86' from 'https://cache.nixos.org'...
copying path '/nix/store/vvvvjj6svggmvbmhlnzv967kx7g89zc8-libopenmpt-0.8.7' from 'https://cache.nixos.org'...
copying path '/nix/store/arwpmp067nii43cdj4rg2kfbpmwb7sw2-hyprland-guiutils-0.2.1+date=2026-06-27_5ba080e' from 'https://hyprland.cachix.org'...
copying path '/nix/store/2s390ny0h0mk176dmqhy7x41rw6crlb0-gtk+3-3.24.52' from 'https://cache.nixos.org'...
copying path '/nix/store/fpss3v29k1qgw8aslic99wbrqyhvk5y4-roc-toolkit-0.4.0' from 'https://cache.nixos.org'...
copying path '/nix/store/kpm6vrxbd98i97gz7c35a7ff92497gqr-ffmpeg-headless-8.1.2-lib' from 'https://cache.nixos.org'...
copying path '/nix/store/ls6nizkqasbxm8vvb521r49xj3i2xsgs-libei-1.6.0' from 'https://cache.nixos.org'...
copying path '/nix/store/bmxdr74jgv4z0bkkzjhkbmdpy9y3yvvw-qtbase-6.11.1' from 'https://cache.nixos.org'...
copying path '/nix/store/9nwpjbbcg0rrzwb5wkvrh1q7vdfk6f7f-hyprland-0.55.0+date=2026-07-16_0cf7056' from 'https://hyprland.cachix.org'...
copying path '/nix/store/j3l7caclyf0p5679njgznjk9ia0bmdsb-gstreamer-1.28.4' from 'https://cache.nixos.org'...
copying path '/nix/store/w718dsa938k7nmsjdigx10d1pg4dqc56-hyprland-0.55.0+date=2026-07-16_0cf7056-dev' from 'https://hyprland.cachix.org'...
copying path '/nix/store/bskx7mjzsna7ciwx5fnvw9937p5ygijk-gst-plugins-base-1.28.4' from 'https://cache.nixos.org'...
copying path '/nix/store/xm0mqnyv9k7bamzpd9p66sxla3rx6na8-libcanberra-0.30' from 'https://cache.nixos.org'...
copying path '/nix/store/d5fbir5hiav2n6jg78c2jv0wimcx53h1-kitty-0.47.4' from 'https://cache.nixos.org'...
copying path '/nix/store/v7y51qsgb0y3j7n26l7qgnb24lsawsp5-libcamera-0.7.0' from 'https://cache.nixos.org'...
copying path '/nix/store/mnb6gpwx37k6vc66xhgha2d56llbshcv-pipewire-1.6.7' from 'https://cache.nixos.org'...
copying path '/nix/store/8k5hzv1mf73n4qwgv8wq44j2qja2smlb-qtbase-6.11.1-only-plugins-qml' from 'https://cache.nixos.org'...
copying path '/nix/store/kxdz3xxqq4n6rfkjp198ij3hyh8zz70n-qtsvg-6.11.1' from 'https://cache.nixos.org'...
copying path '/nix/store/dxplnd5yys9i9y4gz3m883yiyi2c1l79-qtdeclarative-6.11.1' from 'https://cache.nixos.org'...
copying path '/nix/store/b4l6d3l07sspfp6yxhkyx7a2d7zv6syb-qtwayland-6.11.1' from 'https://cache.nixos.org'...
copying path '/nix/store/wzpvm4jqi357xsblgy4y8g9k9qpk9vss-quickshell-0.3.0' from 'https://cache.nixos.org'...
building '/nix/store/2chcw28abg6wrirrlsdi8lwpfshczwzl-phenix-shell.drv'...
copying path '/nix/store/vdaz6sk455r8sbpi7wzaf9vlz5i9yyvx-gcc-wrapper-15.2.0' from 'https://cache.nixos.org'...
copying path '/nix/store/sg7xjcivmh51ckjdr7bjik3lghd8kjax-stdenv-linux' from 'https://cache.nixos.org'...
building '/nix/store/02xxnyr8dx0rkcfamwwiwd3ccyvr7sh8-hyprland-0.55.0+date=2026-07-16_0cf7056.drv'...
building '/nix/store/lg566mv4z46hlw8dr7kigp0xnbmzwszk-kitty-0.47.4.drv'...
hyprland> /nix/store/9nwpjbbcg0rrzwb5wkvrh1q7vdfk6f7f-hyprland-0.55.0+date=2026-07-16_0cf7056/bin:
hyprland> Hyprland: File exists
hyprland> Patching self-references in specified files...
hyprland> Patching self-references in specified files...
hyprland> Patching self-references in specified files...
hyprland> Running phase: updateAutotoolsGnuConfigScriptsPhase
kitty> /nix/store/d5fbir5hiav2n6jg78c2jv0wimcx53h1-kitty-0.47.4/bin:
kitty> kitty: File exists
hyprland> Running phase: buildPhase
kitty> Patching self-references in specified files...
kitty> Patching self-references in specified files...
kitty> Patching self-references in specified files...
kitty> Patching self-references in specified files...
kitty> Running phase: updateAutotoolsGnuConfigScriptsPhase
hyprland> Running phase: installPhase
kitty> Running phase: buildPhase
kitty> Running phase: installPhase
error: some errors were encountered during the evaluation
